c:\users\dilisosu\desktop\interop\comserver\comserver\debug\comserver.pch
c:\users\dilisosu\desktop\interop\comserver\comserver\debug\vc142.pdb
c:\users\dilisosu\desktop\interop\comserver\comserver\debug\vc142.idb
c:\users\dilisosu\desktop\interop\comserver\comserver\debug\pch.obj
c:\users\dilisosu\desktop\interop\comserver\comserver\debug\comservermgr.obj
c:\users\dilisosu\desktop\interop\comserver\comserver\debug\comserver.obj
c:\users\dilisosu\desktop\interop\comserver\comserver\debug\comserver_i.obj
c:\users\dilisosu\desktop\interop\comserver\debug\comserver.exe
c:\users\dilisosu\desktop\interop\comserver\debug\comserver.pdb
c:\users\dilisosu\desktop\interop\comserver\comserver\debug\comserver.tlb
c:\users\dilisosu\desktop\interop\comserver\comserver\comserver_p.c
c:\users\dilisosu\desktop\interop\comserver\comserver\comserver_i.c
c:\users\dilisosu\desktop\interop\comserver\comserver\comserver_i.h
c:\users\dilisosu\desktop\interop\comserver\comserver\debug\comserver.res
c:\users\dilisosu\desktop\interop\comserver\comserver\debug\comserver.ilk
c:\users\dilisosu\desktop\interop\comserver\comserver\debug\comserver.tlog\cl.command.1.tlog
c:\users\dilisosu\desktop\interop\comserver\comserver\debug\comserver.tlog\cl.read.1.tlog
c:\users\dilisosu\desktop\interop\comserver\comserver\debug\comserver.tlog\cl.write.1.tlog
c:\users\dilisosu\desktop\interop\comserver\comserver\debug\comserver.tlog\link.command.1.tlog
c:\users\dilisosu\desktop\interop\comserver\comserver\debug\comserver.tlog\link.read.1.tlog
c:\users\dilisosu\desktop\interop\comserver\comserver\debug\comserver.tlog\link.write.1.tlog
c:\users\dilisosu\desktop\interop\comserver\comserver\debug\comserver.tlog\midl.command.1.tlog
c:\users\dilisosu\desktop\interop\comserver\comserver\debug\comserver.tlog\midl.read.1.tlog
c:\users\dilisosu\desktop\interop\comserver\comserver\debug\comserver.tlog\midl.write.1.tlog
c:\users\dilisosu\desktop\interop\comserver\comserver\debug\comserver.tlog\rc.command.1.tlog
c:\users\dilisosu\desktop\interop\comserver\comserver\debug\comserver.tlog\rc.read.1.tlog
c:\users\dilisosu\desktop\interop\comserver\comserver\debug\comserver.tlog\rc.write.1.tlog
